Started GET "/" for 127.0.0.1 at 2021-02-09 03:25:00 +0530
  [1m[35m (13.1ms)[0m  [1m[34mSELECT "schema_migrations"."version" FROM "schema_migrations" ORDER BY "schema_migrations"."version" ASC[0m
Processing by Rails::WelcomeController#index as HTML
  Rendering /home/decay/.rvm/gems/ruby-2.6.3/gems/railties-6.1.1/lib/rails/templates/rails/welcome/index.html.erb
  Rendered /home/decay/.rvm/gems/ruby-2.6.3/gems/railties-6.1.1/lib/rails/templates/rails/welcome/index.html.erb (Duration: 28.8ms | Allocations: 516)
Completed 200 OK in 99ms (Views: 61.2ms | ActiveRecord: 0.0ms | Allocations: 4293)


  [1m[35m (0.4ms)[0m  [1m[34mSELECT pg_try_advisory_lock(5350916442594422490)[0m
  [1m[35m (1.1ms)[0m  [1m[34mSELECT "schema_migrations"."version" FROM "schema_migrations" ORDER BY "schema_migrations"."version" ASC[0m
Migrating to CreateUsers (20210208215744)
  [1m[35m (0.7ms)[0m  [1m[34mSELECT pg_advisory_unlock(5350916442594422490)[0m
  [1m[35m (0.4ms)[0m  [1m[34mSELECT pg_try_advisory_lock(5350916442594422490)[0m
  [1m[35m (1.3ms)[0m  [1m[34mSELECT "schema_migrations"."version" FROM "schema_migrations" ORDER BY "schema_migrations"."version" ASC[0m
Migrating to CreateUsers (20210208215744)
  [1m[36mTRANSACTION (0.5ms)[0m  [1m[35mBEGIN[0m
  [1m[35m (208.5ms)[0m  [1m[35mCREATE TABLE "users" ("id" bigserial primary key, "firstname" character varying, "lastname" character varying, "role" character varying, "email" character varying, "password_digest" character varying, "mobile_num" character varying, "updated_at" timestamp DEFAULT '2021-02-08 22:13:26.005383', "archived_at" timestamp DEFAULT NULL)[0m
  [1m[36mTRANSACTION (0.4ms)[0m  [1m[31mROLLBACK[0m
  [1m[35m (0.6ms)[0m  [1m[34mSELECT pg_advisory_unlock(5350916442594422490)[0m
  [1m[35m (0.3ms)[0m  [1m[35mDROP DATABASE IF EXISTS "cafeteria_mgmt_db"[0m
  [1m[35m (0.3ms)[0m  [1m[35mDROP DATABASE IF EXISTS "cafeteria_mgmt_db"[0m
  [1m[35m (1203.1ms)[0m  [1m[35mCREATE DATABASE "cafeteria_mgmt_db" ENCODING = 'utf8'[0m
  [1m[35m (0.8ms)[0m  [1m[35mCREATE DATABASE "cafeteria_mgmt_db" ENCODING = 'utf8'[0m
  [1m[35m (18.9ms)[0m  [1m[35mCREATE DATABASE "cafeteria_mgmt_db" ENCODING = 'utf8'[0m
  [1m[35m (0.5ms)[0m  [1m[35mCREATE DATABASE "cafeteria_mgmt_db" ENCODING = 'utf8'[0m
  [1m[35m (0.8ms)[0m  [1m[35mCREATE DATABASE "cafeteria_mgmt_db" ENCODING = 'utf8'[0m
  [1m[35m (0.7ms)[0m  [1m[35mCREATE DATABASE "cafeteria_mgmt_db" ENCODING = 'utf8'[0m
  [1m[35m (995.2ms)[0m  [1m[35mCREATE DATABASE "test_cafeteria_mgmt_db" ENCODING = 'utf8'[0m
  [1m[35m (171.0ms)[0m  [1m[35mCREATE TABLE "schema_migrations" ("version" character varying NOT NULL PRIMARY KEY)[0m
  [1m[35m (100.6ms)[0m  [1m[35mCREATE TABLE "ar_internal_metadata" ("key" character varying NOT NULL PRIMARY KEY, "value" character varying, "created_at" timestamp(6) NOT NULL, "updated_at" timestamp(6) NOT NULL)[0m
  [1m[35m (0.4ms)[0m  [1m[34mSELECT pg_try_advisory_lock(1644985422349026765)[0m
  [1m[35m (0.6ms)[0m  [1m[34mSELECT "schema_migrations"."version" FROM "schema_migrations" ORDER BY "schema_migrations"."version" ASC[0m
Migrating to CreateUsers (20210208215744)
  [1m[36mTRANSACTION (0.3ms)[0m  [1m[35mBEGIN[0m
  [1m[35m (98.7ms)[0m  [1m[35mCREATE TABLE "users" ("id" bigserial primary key, "firstname" character varying, "lastname" character varying, "role" character varying, "email" character varying, "password_digest" character varying, "mobile_num" character varying, "updated_at" timestamp DEFAULT '2021-02-08 22:36:58.173655', "archived_at" timestamp DEFAULT NULL)[0m
  [1m[36mActiveRecord::SchemaMigration Create (9.0ms)[0m  [1m[32mINSERT INTO "schema_migrations" ("version") VALUES ($1) RETURNING "version"[0m  [["version", "20210208215744"]]
  [1m[36mTRANSACTION (19.3ms)[0m  [1m[35mCOMMIT[0m
  [1m[36mActiveRecord::InternalMetadata Load (0.8ms)[0m  [1m[34mSELECT "ar_internal_metadata".* FROM "ar_internal_metadata" WHERE "ar_internal_metadata"."key" = $1 LIMIT $2[0m  [["key", "environment"], ["LIMIT", 1]]
  [1m[36mTRANSACTION (0.4ms)[0m  [1m[35mBEGIN[0m
  [1m[36mActiveRecord::InternalMetadata Create (1.0ms)[0m  [1m[32mINSERT INTO "ar_internal_metadata" ("key", "value", "created_at", "updated_at") VALUES ($1, $2, $3, $4) RETURNING "key"[0m  [["key", "environment"], ["value", "development"], ["created_at", "2021-02-08 22:36:58.355822"], ["updated_at", "2021-02-08 22:36:58.355822"]]
  [1m[36mTRANSACTION (19.5ms)[0m  [1m[35mCOMMIT[0m
  [1m[35m (0.7ms)[0m  [1m[34mSELECT pg_advisory_unlock(1644985422349026765)[0m
  [1m[35m (1.5ms)[0m  [1m[34mSELECT "schema_migrations"."version" FROM "schema_migrations" ORDER BY "schema_migrations"."version" ASC[0m
  [1m[35m (0.9ms)[0m  [1m[34mSELECT "schema_migrations"."version" FROM "schema_migrations" ORDER BY "schema_migrations"."version" ASC[0m
  [1m[35m (0.5ms)[0m  [1m[34mSELECT "ar_internal_metadata"."value" FROM "ar_internal_metadata" WHERE "ar_internal_metadata"."key" = $1[0m  [["key", "environment"]]
  [1m[35m (0.4ms)[0m  [1m[34mSELECT "schema_migrations"."version" FROM "schema_migrations" ORDER BY "schema_migrations"."version" ASC[0m
  [1m[35m (0.4ms)[0m  [1m[34mSELECT "ar_internal_metadata"."value" FROM "ar_internal_metadata" WHERE "ar_internal_metadata"."key" = $1[0m  [["key", "environment"]]
  [1m[35m (0.4ms)[0m  [1m[34mSELECT "schema_migrations"."version" FROM "schema_migrations" ORDER BY "schema_migrations"."version" ASC[0m
  [1m[35m (0.3ms)[0m  [1m[34mSELECT "ar_internal_metadata"."value" FROM "ar_internal_metadata" WHERE "ar_internal_metadata"."key" = $1[0m  [["key", "environment"]]
  [1m[35m (750.0ms)[0m  [1m[35mDROP DATABASE IF EXISTS "cafeteria_mgmt_db"[0m
  [1m[35m (323.1ms)[0m  [1m[35mDROP DATABASE IF EXISTS "test_cafeteria_mgmt_db"[0m
  [1m[35m (740.6ms)[0m  [1m[35mCREATE DATABASE "cafeteria_mgmt_db" ENCODING = 'utf8'[0m
  [1m[35m (756.0ms)[0m  [1m[35mCREATE DATABASE "test_cafeteria_mgmt_db" ENCODING = 'utf8'[0m
  [1m[35m (78.0ms)[0m  [1m[35mCREATE TABLE "schema_migrations" ("version" character varying NOT NULL PRIMARY KEY)[0m
  [1m[35m (71.2ms)[0m  [1m[35mCREATE TABLE "ar_internal_metadata" ("key" character varying NOT NULL PRIMARY KEY, "value" character varying, "created_at" timestamp(6) NOT NULL, "updated_at" timestamp(6) NOT NULL)[0m
  [1m[35m (0.3ms)[0m  [1m[34mSELECT pg_try_advisory_lock(1644985422349026765)[0m
  [1m[35m (1.2ms)[0m  [1m[34mSELECT "schema_migrations"."version" FROM "schema_migrations" ORDER BY "schema_migrations"."version" ASC[0m
Migrating to CreateUsers (20210208215744)
  [1m[36mTRANSACTION (0.5ms)[0m  [1m[35mBEGIN[0m
  [1m[35m (69.7ms)[0m  [1m[35mCREATE TABLE "users" ("id" bigserial primary key, "firstname" character varying, "lastname" character varying, "role" character varying, "email" character varying, "password_digest" character varying, "mobile_num" character varying, "updated_at" timestamp DEFAULT '2021-02-08 22:37:49.107671', "archived_at" timestamp DEFAULT NULL)[0m
  [1m[36mActiveRecord::SchemaMigration Create (0.9ms)[0m  [1m[32mINSERT INTO "schema_migrations" ("version") VALUES ($1) RETURNING "version"[0m  [["version", "20210208215744"]]
  [1m[36mTRANSACTION (6.4ms)[0m  [1m[35mCOMMIT[0m
  [1m[36mActiveRecord::InternalMetadata Load (0.8ms)[0m  [1m[34mSELECT "ar_internal_metadata".* FROM "ar_internal_metadata" WHERE "ar_internal_metadata"."key" = $1 LIMIT $2[0m  [["key", "environment"], ["LIMIT", 1]]
  [1m[36mTRANSACTION (0.4ms)[0m  [1m[35mBEGIN[0m
  [1m[36mActiveRecord::InternalMetadata Create (0.9ms)[0m  [1m[32mINSERT INTO "ar_internal_metadata" ("key", "value", "created_at", "updated_at") VALUES ($1, $2, $3, $4) RETURNING "key"[0m  [["key", "environment"], ["value", "development"], ["created_at", "2021-02-08 22:37:49.210008"], ["updated_at", "2021-02-08 22:37:49.210008"]]
  [1m[36mTRANSACTION (9.3ms)[0m  [1m[35mCOMMIT[0m
  [1m[35m (0.6ms)[0m  [1m[34mSELECT pg_advisory_unlock(1644985422349026765)[0m
  [1m[35m (1.3ms)[0m  [1m[34mSELECT "schema_migrations"."version" FROM "schema_migrations" ORDER BY "schema_migrations"."version" ASC[0m
